<?xml version="1.0" encoding="UTF-8"?>
<testng-results total="1" passed="1" failed="0" skipped="0">
  <reporter-output>
  </reporter-output>
  <suite started-at="2023-05-10T11:39:04Z" name="Default suite" finished-at="2023-05-10T11:39:48Z" duration-ms="44612">
    <groups>
    </groups>
    <test started-at="2023-05-10T11:39:04Z" name="Default test" finished-at="2023-05-10T11:39:48Z" duration-ms="44612">
      <class name="portfolio_test.user.TC01_UserLoginTest">
        <test-method is-config="true" signature="initialize()[pri:0, instance:portfolio_test.user.TC01_UserLoginTest@5d018107]" started-at="2023-05-10T17:09:04Z" name="initialize" finished-at="2023-05-10T17:09:45Z" duration-ms="41188" status="PASS">
          <reporter-output>
          </reporter-output>
        </test-method> <!-- initialize -->
        <test-method signature="loginPageTitleTest()[pri:0, instance:portfolio_test.user.TC01_UserLoginTest@5d018107]" started-at="2023-05-10T17:09:45Z" name="loginPageTitleTest" finished-at="2023-05-10T17:09:48Z" duration-ms="3034" status="PASS">
          <reporter-output>
          </reporter-output>
        </test-method> <!-- loginPageTitleTest -->
        <test-method is-config="true" signature="teardown()[pri:0, instance:portfolio_test.user.TC01_UserLoginTest@5d018107]" started-at="2023-05-10T17:09:48Z" name="teardown" finished-at="2023-05-10T17:09:48Z" duration-ms="363" status="PASS">
          <reporter-output>
          </reporter-output>
        </test-method> <!-- teardown -->
      </class> <!-- portfolio_test.user.TC01_UserLoginTest -->
    </test> <!-- Default test -->
  </suite> <!-- Default suite -->
</testng-results>
