<?xml version="1.0" encoding="UTF-8"?>
<testng-results ignored="0" total="1" passed="1" failed="0" skipped="0">
  <reporter-output>
  </reporter-output>
  <suite started-at="2023-05-19T13:48:41 IST" name="Default suite" finished-at="2023-05-19T13:49:20 IST" duration-ms="39053">
    <groups>
    </groups>
    <test started-at="2023-05-19T13:48:41 IST" name="Default test" finished-at="2023-05-19T13:49:20 IST" duration-ms="39053">
      <class name="portfolio_test.user.TC01_UserLoginTest">
        <test-method is-config="true" signature="initialize()[pri:0, instance:portfolio_test.user.TC01_UserLoginTest@2f40e5db]" started-at="2023-05-19T13:48:41 IST" name="initialize" finished-at="2023-05-19T13:49:17 IST" duration-ms="35706" status="PASS">
          <reporter-output>
          </reporter-output>
        </test-method> <!-- initialize -->
        <test-method signature="loginPageTitleTest()[pri:1, instance:portfolio_test.user.TC01_UserLoginTest@2f40e5db]" started-at="2023-05-19T13:49:17 IST" name="loginPageTitleTest" finished-at="2023-05-19T13:49:20 IST" duration-ms="3036" status="PASS">
          <reporter-output>
          </reporter-output>
        </test-method> <!-- loginPageTitleTest -->
        <test-method is-config="true" signature="teardown()[pri:0, instance:portfolio_test.user.TC01_UserLoginTest@2f40e5db]" started-at="2023-05-19T13:49:20 IST" name="teardown" finished-at="2023-05-19T13:49:20 IST" duration-ms="270" status="PASS">
          <reporter-output>
          </reporter-output>
        </test-method> <!-- teardown -->
      </class> <!-- portfolio_test.user.TC01_UserLoginTest -->
    </test> <!-- Default test -->
  </suite> <!-- Default suite -->
</testng-results>
