<?xml version="1.0" encoding="UTF-8"?>
<!-- Generated by org.testng.reporters.JUnitXMLReporter -->
<testsuite hostname="HJNZL000593" failures="0" tests="2" name="Validating all links and pages present under Campaigns menu test" time="69.419" errors="0" timestamp="10 May 2023 09:14:06 GMT">
  <testcase classname="portfolio_test.user.TC05_CampaignsPage" name="verifyTopACRandDVGeneratorsPageFromCampaignsMenu" time="15.788"/>
  <testcase classname="portfolio_test.user.TC05_CampaignsPage" name="verifyDoMoreWithLessPageFromCampaignsMenu" time="5.326"/>
</testsuite> <!-- Validating all links and pages present under Campaigns menu test -->
