<?xml version="1.0" encoding="UTF-8"?>
<!-- Generated by org.testng.reporters.JUnitXMLReporter -->
<testsuite hostname="HJNZL000593" failures="0" tests="21" name="Validating all links and pages present under Catalogue menu test" time="954.829" errors="0" timestamp="10 May 2023 09:00:31 GMT">
  <testcase classname="portfolio_test.user.TC03_CatalogueTest" name="verifyEmergingInnovationEngineeringPageOnCataloguePage" time="38.172"/>
  <testcase classname="portfolio_test.user.TC03_CatalogueTest" name="verifyAdoptionChangeandServicesManagementPageOnCataloguePage" time="48.62"/>
  <testcase classname="portfolio_test.user.TC03_CatalogueTest" name="verifyBusinessAppsPageButtonOnCataloguePage" time="71.725"/>
  <testcase classname="portfolio_test.user.TC03_CatalogueTest" name="verifyCrossSolutionAreaandFunctionalSolutionOnCataloguePage" time="37.259"/>
  <testcase classname="portfolio_test.user.TC03_CatalogueTest" name="verifyDigitalandApplicationInnovationOnCataloguePage" time="57.373"/>
  <testcase classname="portfolio_test.user.TC03_CatalogueTest" name="verifyDataandAIOnCataloguePage" time="64.3"/>
  <testcase classname="portfolio_test.user.TC03_CatalogueTest" name="verifyInfrastructureOnCataloguePage" time="54.681"/>
  <testcase classname="portfolio_test.user.TC03_CatalogueTest" name="verifyModernWorkOnCataloguePage" time="65.55"/>
  <testcase classname="portfolio_test.user.TC03_CatalogueTest" name="verifySecurityOnCataloguePage" time="144.687"/>
  <testcase classname="portfolio_test.user.TC03_CatalogueTest" name="verifyAutomotiveMobilityandTransportationOnCataloguePage" time="52.786"/>
  <testcase classname="portfolio_test.user.TC03_CatalogueTest" name="verifyCrossIndustryOnCataloguePage" time="16.34"/>
  <testcase classname="portfolio_test.user.TC03_CatalogueTest" name="verifyDefenseandIntelligenceOnCataloguePage" time="16.68"/>
  <testcase classname="portfolio_test.user.TC03_CatalogueTest" name="verifyEducationOnCataloguePage" time="16.756"/>
  <testcase classname="portfolio_test.user.TC03_CatalogueTest" name="verifyEnergyandResourcesOnCataloguePage" time="21.43"/>
  <testcase classname="portfolio_test.user.TC03_CatalogueTest" name="verifyFinancialServicesOnCataloguePage" time="20.33"/>
  <testcase classname="portfolio_test.user.TC03_CatalogueTest" name="verifyGovernmentOnCataloguePage" time="16.063"/>
  <testcase classname="portfolio_test.user.TC03_CatalogueTest" name="verifyHealthcareOnCataloguePage" time="18.841"/>
  <testcase classname="portfolio_test.user.TC03_CatalogueTest" name="verifyIndustrialsandManufacturingOnCataloguePage" time="94.58"/>
  <testcase classname="portfolio_test.user.TC03_CatalogueTest" name="verifyRetailandConsumerGoodsOnCataloguePage" time="16.748"/>
  <testcase classname="portfolio_test.user.TC03_CatalogueTest" name="verifySustainabilityOnCataloguePage" time="20.323"/>
  <testcase classname="portfolio_test.user.TC03_CatalogueTest" name="verifyTelecommunicationsandMediaOnCataloguePage" time="13.342"/>
</testsuite> <!-- Validating all links and pages present under Catalogue menu test -->
